#
# There is insufficient memory for the Java Runtime Environment to continue.
# Native memory allocation (malloc) failed to allocate 985056 bytes for Chunk::new
# Possible reasons:
#   The system is out of physical RAM or swap space
#   In 32 bit mode, the process size limit was hit
# Possible solutions:
#   Reduce memory load on the system
#   Increase physical memory or swap space
#   Check if swap backing store is full
#   Use 64 bit Java on a 64 bit OS
#   Decrease Java heap size (-Xmx/-Xms)
#   Decrease number of Java threads
#   Decrease Java thread stack sizes (-Xss)
#   Set larger code cache with -XX:ReservedCodeCacheSize=
# This output file may be truncated or incomplete.
#
#  Out of Memory Error (allocation.cpp:390), pid=11600, tid=0x0000000000000594
#
# JRE version: OpenJDK Runtime Environment (8.0_152-b02) (build 1.8.0_152-release-1024-b02)
# Java VM: OpenJDK 64-Bit Server VM (25.152-b02 mixed mode windows-amd64 compressed oops)
# Failed to write core dump. Minidumps are not enabled by default on client versions of Windows
#

---------------  T H R E A D  ---------------

Current thread (0x00000000164a9000):  JavaThread "C2 CompilerThread0" daemon [_thread_in_native, id=1428, stack(0x0000000017af0000,0x0000000017bf0000)]

Stack: [0x0000000017af0000,0x0000000017bf0000]
[error occurred during error reporting (printing stack bounds), id 0xc0000005]

Native frames: (J=compiled Java code, j=interpreted, Vv=VM code, C=native code)


Current CompileTask:
C2:   2313 1406       4       java.net.URLClassLoader$1::run (5 bytes)


---------------  P R O C E S S  ---------------

Java Threads: ( => current thread )
  0x0000000019466800 JavaThread "Stdin handler" [_thread_blocked, id=11844, stack(0x000000001ab40000,0x000000001ac40000)]
  0x0000000019465000 JavaThread "Asynchronous log dispatcher for DefaultDaemonConnection: socket connection from /127.0.0.1:63238 to /127.0.0.1:63239" [_thread_blocked, id=12276, stack(0x000000001aa40000,0x000000001ab40000)]
  0x0000000019132000 JavaThread "Daemon worker" [_thread_in_vm, id=10752, stack(0x000000001a940000,0x000000001aa40000)]
  0x00000000195ea000 JavaThread "Cancel handler" [_thread_blocked, id=2212, stack(0x000000001a840000,0x000000001a940000)]
  0x0000000019133000 JavaThread "pool-1-thread-1" [_thread_blocked, id=4540, stack(0x000000001a740000,0x000000001a840000)]
  0x00000000195bb000 JavaThread "Handler for socket connection from /127.0.0.1:63238 to /127.0.0.1:63239" [_thread_in_native, id=11296, stack(0x000000001a640000,0x000000001a740000)]
  0x00000000193f9000 JavaThread "Daemon" [_thread_blocked, id=596, stack(0x000000001a540000,0x000000001a640000)]
  0x0000000019006800 JavaThread "Incoming local TCP Connector on port 63238" [_thread_in_native, id=10620, stack(0x000000001a100000,0x000000001a200000)]
  0x0000000017e10800 JavaThread "Service Thread" daemon [_thread_blocked, id=5448, stack(0x00000000181f0000,0x00000000182f0000)]
  0x00000000164a3800 JavaThread "C1 CompilerThread2" daemon [_thread_blocked, id=6232, stack(0x0000000017cf0000,0x0000000017df0000)]
  0x000000001649d000 JavaThread "C2 CompilerThread1" daemon [_thread_in_native, id=4476, stack(0x0000000017bf0000,0x0000000017cf0000)]
=>0x00000000164a9000 JavaThread "C2 CompilerThread0" daemon [_thread_in_native, id=1428, stack(0x0000000017af0000,0x0000000017bf0000)]
  0x00000000164a7800 JavaThread "Attach Listener" daemon [_thread_blocked, id=12012, stack(0x00000000179f0000,0x0000000017af0000)]
  0x00000000164a6800 JavaThread "Signal Dispatcher" daemon [_thread_blocked, id=8296, stack(0x00000000178f0000,0x00000000179f0000)]
  0x0000000016488800 JavaThread "Finalizer" daemon [_thread_blocked, id=1752, stack(0x0000000017700000,0x0000000017800000)]
  0x0000000016467800 JavaThread "Reference Handler" daemon [_thread_blocked, id=9524, stack(0x0000000017600000,0x0000000017700000)]
  0x0000000002a2e000 JavaThread "main" [_thread_blocked, id=12008, stack(0x00000000028f0000,0x00000000029f0000)]

Other Threads:
  0x0000000016464800 VMThread [stack: 0x0000000017500000,0x0000000017600000] [id=9460]
  0x0000000017e15000 WatcherThread [stack: 0x00000000182f0000,0x00000000183f0000] [id=10796]

VM state:not at safepoint (normal execution)

VM Mutex/Monitor currently owned by a thread: None

Heap:
 PSYoungGen      total 38400K, used 8558K [0x00000000e0000000, 0x00000000e4b00000, 0x0000000100000000)
  eden space 33280K, 10% used [0x00000000e0000000,0x00000000e035d420,0x00000000e2080000)
  from space 5120K, 99% used [0x00000000e2080000,0x00000000e257e640,0x00000000e2580000)
  to   space 5120K, 0% used [0x00000000e4600000,0x00000000e4600000,0x00000000e4b00000)
 ParOldGen       total 87552K, used 3691K [0x00000000a0000000, 0x00000000a5580000, 0x00000000e0000000)
  object space 87552K, 4% used [0x00000000a0000000,0x00000000a039afc8,0x00000000a5580000)
 Metaspace       used 17049K, capacity 17378K, committed 17664K, reserved 1064960K
  class space    used 2367K, capacity 2478K, committed 2560K, reserved 1048576K

Card table byte_map: [0x0000000011ef0000,0x0000000012200000] byte_map_base: 0x00000000119f0000

Marking Bits: (ParMarkBitMap*) 0x000000005b134970
 Begin Bits: [0x0000000012800000, 0x0000000014000000)
 End Bits:   [0x0000000014000000, 0x0000000015800000)

Polling page: 0x0000000000b50000

CodeCache: size=245760Kb used=5040Kb max_used=5040Kb free=240719Kb
 bounds [0x0000000002b30000, 0x0000000003020000, 0x0000000011b30000]
 total_blobs=1855 nmethods=1465 adapters=303
 compilation: enabled

Compilation events (10 events):
Event: 2.307 Thread 0x00000000164a3800 1469       3       org.codehaus.groovy.util.LockableObject::unlock (7 bytes)
Event: 2.308 Thread 0x00000000164a3800 nmethod 1469 0x000000000301c110 code [0x000000000301c2a0, 0x000000000301c698]
Event: 2.308 Thread 0x00000000164a3800 1470       3       org.codehaus.groovy.util.LockableObject::tryRelease (45 bytes)
Event: 2.308 Thread 0x00000000164a3800 nmethod 1470 0x000000000301c7d0 code [0x000000000301c940, 0x000000000301cd88]
Event: 2.308 Thread 0x00000000164a3800 1471       3       java.lang.Class::copyMethods (36 bytes)
Event: 2.309 Thread 0x00000000164a3800 nmethod 1471 0x000000000301ce90 code [0x000000000301d080, 0x000000000301da78]
Event: 2.309 Thread 0x00000000164a3800 1472       3       org.codehaus.groovy.reflection.CachedClass::getInterfaces (11 bytes)
Event: 2.309 Thread 0x00000000164a3800 nmethod 1472 0x000000000301df90 code [0x000000000301e100, 0x000000000301e408]
Event: 2.309 Thread 0x00000000164a3800 1473       3       org.codehaus.groovy.util.ReferenceType$1::createReference (11 bytes)
Event: 2.309 Thread 0x00000000164a3800 nmethod 1473 0x000000000301e4d0 code [0x000000000301e660, 0x000000000301ea50]

GC Heap History (6 events):
Event: 0.829 GC heap before
{Heap before GC invocations=1 (full 0):
 PSYoungGen      total 38400K, used 33280K [0x00000000e0000000, 0x00000000e2a80000, 0x0000000100000000)
  eden space 33280K, 100% used [0x00000000e0000000,0x00000000e2080000,0x00000000e2080000)
  from space 5120K, 0% used [0x00000000e2580000,0x00000000e2580000,0x00000000e2a80000)
  to   space 5120K, 0% used [0x00000000e2080000,0x00000000e2080000,0x00000000e2580000)
 ParOldGen       total 87552K, used 0K [0x00000000a0000000, 0x00000000a5580000, 0x00000000e0000000)
  object space 87552K, 0% used [0x00000000a0000000,0x00000000a0000000,0x00000000a5580000)
 Metaspace       used 6942K, capacity 7080K, committed 7296K, reserved 1056768K
  class space    used 848K, capacity 888K, committed 896K, reserved 1048576K
Event: 0.834 GC heap after
Heap after GC invocations=1 (full 0):
 PSYoungGen      total 38400K, used 4291K [0x00000000e0000000, 0x00000000e2a80000, 0x0000000100000000)
  eden space 33280K, 0% used [0x00000000e0000000,0x00000000e0000000,0x00000000e2080000)
  from space 5120K, 83% used [0x00000000e2080000,0x00000000e24b0ef0,0x00000000e2580000)
  to   space 5120K, 0% used [0x00000000e2580000,0x00000000e2580000,0x00000000e2a80000)
 ParOldGen       total 87552K, used 8K [0x00000000a0000000, 0x00000000a5580000, 0x00000000e0000000)
  object space 87552K, 0% used [0x00000000a0000000,0x00000000a0002000,0x00000000a5580000)
 Metaspace       used 6942K, capacity 7080K, committed 7296K, reserved 1056768K
  class space    used 848K, capacity 888K, committed 896K, reserved 1048576K
}
Event: 1.789 GC heap before
{Heap before GC invocations=2 (full 0):
 PSYoungGen      total 38400K, used 37571K [0x00000000e0000000, 0x00000000e2a80000, 0x0000000100000000)
  eden space 33280K, 100% used [0x00000000e0000000,0x00000000e2080000,0x00000000e2080000)
  from space 5120K, 83% used [0x00000000e2080000,0x00000000e24b0ef0,0x00000000e2580000)
  to   space 5120K, 0% used [0x00000000e2580000,0x00000000e2580000,0x00000000e2a80000)
 ParOldGen       total 87552K, used 8K [0x00000000a0000000, 0x00000000a5580000, 0x00000000e0000000)
  object space 87552K, 0% used [0x00000000a0000000,0x00000000a0002000,0x00000000a5580000)
 Metaspace       used 13000K, capacity 13354K, committed 13440K, reserved 1060864K
  class space    used 1733K, capacity 1866K, committed 1920K, reserved 1048576K
Event: 1.795 GC heap after
Heap after GC invocations=2 (full 0):
 PSYoungGen      total 38400K, used 5114K [0x00000000e0000000, 0x00000000e2a80000, 0x0000000100000000)
  eden space 33280K, 0% used [0x00000000e0000000,0x00000000e0000000,0x00000000e2080000)
  from space 5120K, 99% used [0x00000000e2580000,0x00000000e2a7ebc8,0x00000000e2a80000)
  to   space 5120K, 0% used [0x00000000e2080000,0x00000000e2080000,0x00000000e2580000)
 ParOldGen       total 87552K, used 771K [0x00000000a0000000, 0x00000000a5580000, 0x00000000e0000000)
  object space 87552K, 0% used [0x00000000a0000000,0x00000000a00c0ed0,0x00000000a5580000)
 Metaspace       used 13000K, capacity 13354K, committed 13440K, reserved 1060864K
  class space    used 1733K, capacity 1866K, committed 1920K, reserved 1048576K
}
Event: 2.232 GC heap before
{Heap before GC invocations=3 (full 0):
 PSYoungGen      total 38400K, used 38394K [0x00000000e0000000, 0x00000000e2a80000, 0x0000000100000000)
  eden space 33280K, 100% used [0x00000000e0000000,0x00000000e2080000,0x00000000e2080000)
  from space 5120K, 99% used [0x00000000e2580000,0x00000000e2a7ebc8,0x00000000e2a80000)
  to   space 5120K, 0% used [0x00000000e2080000,0x00000000e2080000,0x00000000e2580000)
 ParOldGen       total 87552K, used 771K [0x00000000a0000000, 0x00000000a5580000, 0x00000000e0000000)
  object space 87552K, 0% used [0x00000000a0000000,0x00000000a00c0ed0,0x00000000a5580000)
 Metaspace       used 16648K, capacity 16994K, committed 17280K, reserved 1064960K
  class space    used 2309K, capacity 2414K, committed 2432K, reserved 1048576K
Event: 2.241 GC heap after
Heap after GC invocations=3 (full 0):
 PSYoungGen      total 38400K, used 5113K [0x00000000e0000000, 0x00000000e4b00000, 0x0000000100000000)
  eden space 33280K, 0% used [0x00000000e0000000,0x00000000e0000000,0x00000000e2080000)
  from space 5120K, 99% used [0x00000000e2080000,0x00000000e257e640,0x00000000e2580000)
  to   space 5120K, 0% used [0x00000000e4600000,0x00000000e4600000,0x00000000e4b00000)
 ParOldGen       total 87552K, used 3691K [0x00000000a0000000, 0x00000000a5580000, 0x00000000e0000000)
  object space 87552K, 4% used [0x00000000a0000000,0x00000000a039afc8,0x00000000a5580000)
 Metaspace       used 16648K, capacity 16994K, committed 17280K, reserved 1064960K
  class space    used 2309K, capacity 2414K, committed 2432K, reserved 1048576K
}

Deoptimization events (10 events):
Event: 1.172 Thread 0x0000000002a2e000 Uncommon trap: reason=unstable_if action=reinterpret pc=0x0000000002e43e24 method=java.io.WinNTFileSystem.normalize(Ljava/lang/String;II)Ljava/lang/String; @ 90
Event: 1.185 Thread 0x0000000002a2e000 Uncommon trap: reason=unstable_if action=reinterpret pc=0x0000000002ddda14 method=java.lang.String.substring(I)Ljava/lang/String; @ 35
Event: 1.243 Thread 0x0000000002a2e000 Uncommon trap: reason=unstable_if action=reinterpret pc=0x0000000002d9f17c method=java.util.HashMap.getNode(ILjava/lang/Object;)Ljava/util/HashMap$Node; @ 129
Event: 1.243 Thread 0x0000000002a2e000 Uncommon trap: reason=bimorphic action=maybe_recompile pc=0x0000000002dc6104 method=java.util.HashMap.putVal(ILjava/lang/Object;Ljava/lang/Object;ZZ)Ljava/lang/Object; @ 203
Event: 1.681 Thread 0x0000000002a2e000 Uncommon trap: reason=unstable_if action=reinterpret pc=0x0000000002e303f0 method=java.util.LinkedHashMap.afterNodeInsertion(Z)V @ 1
Event: 1.709 Thread 0x0000000002a2e000 Uncommon trap: reason=unstable_if action=reinterpret pc=0x0000000002da2e98 method=sun.misc.MetaIndex.mayContain(Ljava/lang/String;)Z @ 38
Event: 1.752 Thread 0x0000000019132000 Uncommon trap: reason=bimorphic action=maybe_recompile pc=0x0000000002e7df00 method=java.util.HashMap.putVal(ILjava/lang/Object;Ljava/lang/Object;ZZ)Ljava/lang/Object; @ 253
Event: 1.752 Thread 0x0000000019132000 Uncommon trap: reason=bimorphic action=maybe_recompile pc=0x0000000002e7df00 method=java.util.HashMap.putVal(ILjava/lang/Object;Ljava/lang/Object;ZZ)Ljava/lang/Object; @ 253
Event: 1.914 Thread 0x0000000019132000 Uncommon trap: reason=class_check action=maybe_recompile pc=0x0000000002db57dc method=java.util.regex.Matcher.match(II)Z @ 86
Event: 1.915 Thread 0x0000000019132000 Uncommon trap: reason=class_check action=maybe_recompile pc=0x0000000002db57dc method=java.util.regex.Matcher.match(II)Z @ 86

Classes redefined (0 events):
No events

Internal exceptions (10 events):
Event: 1.718 Thread 0x00000000195bb000 Exception <a 'java/lang/NoSuchMethodError': <clinit>> (0x00000000e1ad74a0) thrown at [D:\src\AOSP-openjdk-cygwin\jdk8u\hotspot\src\share\vm\prims\jni.cpp, line 1613]
Event: 1.721 Thread 0x00000000195bb000 Exception <a 'java/lang/NoSuchMethodError': <clinit>> (0x00000000e1afb178) thrown at [D:\src\AOSP-openjdk-cygwin\jdk8u\hotspot\src\share\vm\prims\jni.cpp, line 1613]
Event: 1.745 Thread 0x0000000019132000 Exception <a 'java/lang/NoSuchMethodError': <clinit>> (0x00000000e1c00bd0) thrown at [D:\src\AOSP-openjdk-cygwin\jdk8u\hotspot\src\share\vm\prims\jni.cpp, line 1613]
Event: 1.746 Thread 0x0000000019132000 Exception <a 'java/lang/NoSuchMethodError': <clinit>> (0x00000000e1c08e58) thrown at [D:\src\AOSP-openjdk-cygwin\jdk8u\hotspot\src\share\vm\prims\jni.cpp, line 1613]
Event: 1.775 Thread 0x0000000019132000 Exception <a 'java/lang/ArrayIndexOutOfBoundsException'> (0x00000000e1e59ee8) thrown at [D:\src\AOSP-openjdk-cygwin\jdk8u\hotspot\src\share\vm\runtime\sharedRuntime.cpp, line 605]
Event: 1.784 Thread 0x0000000019132000 Exception <a 'java/lang/ArrayIndexOutOfBoundsException'> (0x00000000e1f2d318) thrown at [D:\src\AOSP-openjdk-cygwin\jdk8u\hotspot\src\share\vm\runtime\sharedRuntime.cpp, line 605]
Event: 2.151 Thread 0x0000000019132000 Exception <a 'java/lang/NoSuchMethodError': <clinit>> (0x00000000e1becd48) thrown at [D:\src\AOSP-openjdk-cygwin\jdk8u\hotspot\src\share\vm\prims\jni.cpp, line 1613]
Event: 2.151 Thread 0x0000000019132000 Exception <a 'java/lang/NoSuchMethodError': <clinit>> (0x00000000e1bef518) thrown at [D:\src\AOSP-openjdk-cygwin\jdk8u\hotspot\src\share\vm\prims\jni.cpp, line 1613]
Event: 2.152 Thread 0x0000000019132000 Exception <a 'java/lang/NoSuchMethodError': <clinit>> (0x00000000e1bfb7f8) thrown at [D:\src\AOSP-openjdk-cygwin\jdk8u\hotspot\src\share\vm\prims\jni.cpp, line 1613]
Event: 2.152 Thread 0x0000000019132000 Exception <a 'java/lang/NoSuchMethodError': <clinit>> (0x00000000e1c05dd8) thrown at [D:\src\AOSP-openjdk-cygwin\jdk8u\hotspot\src\share\vm\prims\jni.cpp, line 1613]

Events (10 events):
Event: 2.304 loading class java/util/Spliterator$OfPrimitive done
Event: 2.304 loading class java/util/Spliterator$OfInt done
Event: 2.304 loading class groovy/lang/GString$1
Event: 2.304 loading class groovy/lang/GString$1 done
Event: 2.304 loading class groovy/lang/StringWriterIOException
Event: 2.304 loading class groovy/lang/StringWriterIOException done
Event: 2.305 loading class org/codehaus/groovy/runtime/GStringImpl
Event: 2.305 loading class org/codehaus/groovy/runtime/GStringImpl done
Event: 2.308 loading class org/codehaus/groovy/runtime/DefaultGroovyMethods
Event: 2.308 loading class org/codehaus/groovy/runtime/DefaultGroovyMethods done


Dynamic libraries:
0x00007ff64d000000 - 0x00007ff64d031000 	C:\Program Files\Android\Android Studio\jre\bin\java.exe
0x00007ffcbeb10000 - 0x00007ffcbecf1000 	C:\WINDOWS\SYSTEM32\ntdll.dll
0x00007ffcbd2a0000 - 0x00007ffcbd352000 	C:\WINDOWS\System32\KERNEL32.DLL
0x00007ffcbb830000 - 0x00007ffcbbaa3000 	C:\WINDOWS\System32\KERNELBASE.dll
0x00007ffcb9180000 - 0x00007ffcb920b000 	C:\WINDOWS\SYSTEM32\apphelp.dll
0x00007ffcbd360000 - 0x00007ffcbd401000 	C:\WINDOWS\System32\ADVAPI32.dll
0x00007ffcbc2b0000 - 0x00007ffcbc34e000 	C:\WINDOWS\System32\msvcrt.dll
0x00007ffcbd070000 - 0x00007ffcbd0cb000 	C:\WINDOWS\System32\sechost.dll
0x00007ffcbd430000 - 0x00007ffcbd554000 	C:\WINDOWS\System32\RPCRT4.dll
0x00007ffcbc350000 - 0x00007ffcbc4e0000 	C:\WINDOWS\System32\USER32.dll
0x00007ffcbaee0000 - 0x00007ffcbaf00000 	C:\WINDOWS\System32\win32u.dll
0x00007ffcbcea0000 - 0x00007ffcbcec8000 	C:\WINDOWS\System32\GDI32.dll
0x00007ffcbbd00000 - 0x00007ffcbbe92000 	C:\WINDOWS\System32\gdi32full.dll
0x00007ffcbb790000 - 0x00007ffcbb82f000 	C:\WINDOWS\System32\msvcp_win.dll
0x00007ffcbbea0000 - 0x00007ffcbbf9a000 	C:\WINDOWS\System32\ucrtbase.dll
0x00007ffcae280000 - 0x00007ffcae4e9000 	C:\WINDOWS\WinSxS\amd64_microsoft.windows.common-controls_6595b64144ccf1df_6.0.17134.228_none_fb4599993062b194\COMCTL32.dll
0x00007ffcbc930000 - 0x00007ffcbcc53000 	C:\WINDOWS\System32\combase.dll
0x00007ffcbb710000 - 0x00007ffcbb78a000 	C:\WINDOWS\System32\bcryptPrimitives.dll
0x00007ffcbbfa0000 - 0x00007ffcbbfcd000 	C:\WINDOWS\System32\IMM32.DLL
0x0000000058120000 - 0x00000000581f2000 	C:\Program Files\Android\Android Studio\jre\jre\bin\msvcr100.dll
0x000000005a970000 - 0x000000005b1af000 	C:\Program Files\Android\Android Studio\jre\jre\bin\server\jvm.dll
0x00007ffcbead0000 - 0x00007ffcbead8000 	C:\WINDOWS\System32\PSAPI.DLL
0x00007ffcb58f0000 - 0x00007ffcb5913000 	C:\WINDOWS\SYSTEM32\WINMM.dll
0x00007ffcb5ca0000 - 0x00007ffcb5caa000 	C:\WINDOWS\SYSTEM32\VERSION.dll
0x00007ffcb6de0000 - 0x00007ffcb6de9000 	C:\WINDOWS\SYSTEM32\WSOCK32.dll
0x00007ffcbe9b0000 - 0x00007ffcbea1c000 	C:\WINDOWS\System32\WS2_32.dll
0x00007ffcb58c0000 - 0x00007ffcb58ea000 	C:\WINDOWS\SYSTEM32\WINMMBASE.dll
0x00007ffcbaf00000 - 0x00007ffcbaf49000 	C:\WINDOWS\System32\cfgmgr32.dll
0x00007ffcb6dd0000 - 0x00007ffcb6ddf000 	C:\Program Files\Android\Android Studio\jre\jre\bin\verify.dll
0x00007ffcb5e60000 - 0x00007ffcb5e89000 	C:\Program Files\Android\Android Studio\jre\jre\bin\java.dll
0x00007ffcb5fa0000 - 0x00007ffcb5fb6000 	C:\Program Files\Android\Android Studio\jre\jre\bin\zip.dll
0x00007ffcbd570000 - 0x00007ffcbe9b0000 	C:\WINDOWS\System32\SHELL32.dll
0x00007ffcbea20000 - 0x00007ffcbeac9000 	C:\WINDOWS\System32\shcore.dll
0x00007ffcbaf50000 - 0x00007ffcbb65d000 	C:\WINDOWS\System32\windows.storage.dll
0x00007ffcbcd10000 - 0x00007ffcbcd61000 	C:\WINDOWS\System32\shlwapi.dll
0x00007ffcbaea0000 - 0x00007ffcbaeb1000 	C:\WINDOWS\System32\kernel.appcore.dll
0x00007ffcbae80000 - 0x00007ffcbae9f000 	C:\WINDOWS\System32\profapi.dll
0x00007ffcbae20000 - 0x00007ffcbae6c000 	C:\WINDOWS\System32\powrprof.dll
0x00007ffcbae70000 - 0x00007ffcbae7a000 	C:\WINDOWS\System32\FLTLIB.DLL
0x00007ffcb5ea0000 - 0x00007ffcb5eba000 	C:\Program Files\Android\Android Studio\jre\jre\bin\net.dll
0x00007ffcba6a0000 - 0x00007ffcba706000 	C:\WINDOWS\system32\mswsock.dll
0x00007ffcb5e40000 - 0x00007ffcb5e51000 	C:\Program Files\Android\Android Studio\jre\jre\bin\nio.dll
0x00007ffcb6420000 - 0x00007ffcb643e000 	C:\Users\Saib Ahmed\.gradle\native\23\windows-amd64\native-platform.dll
0x00007ffcba850000 - 0x00007ffcba867000 	C:\WINDOWS\SYSTEM32\CRYPTSP.dll
0x00007ffcba280000 - 0x00007ffcba2b3000 	C:\WINDOWS\system32\rsaenh.dll
0x00007ffcba980000 - 0x00007ffcba9a5000 	C:\WINDOWS\SYSTEM32\bcrypt.dll
0x00007ffcbad20000 - 0x00007ffcbad48000 	C:\WINDOWS\SYSTEM32\USERENV.dll
0x00007ffcba870000 - 0x00007ffcba87b000 	C:\WINDOWS\SYSTEM32\CRYPTBASE.dll
0x00007ffcba420000 - 0x00007ffcba458000 	C:\WINDOWS\SYSTEM32\IPHLPAPI.DLL
0x00007ffcbcc60000 - 0x00007ffcbcc68000 	C:\WINDOWS\System32\NSI.dll
0x00007ffcb4650000 - 0x00007ffcb4666000 	C:\WINDOWS\SYSTEM32\dhcpcsvc6.DLL
0x00007ffcb5070000 - 0x00007ffcb508a000 	C:\WINDOWS\SYSTEM32\dhcpcsvc.DLL
0x00007ffcb62f0000 - 0x00007ffcb62fd000 	C:\Program Files\Android\Android Studio\jre\jre\bin\management.dll

VM Arguments:
jvm_args: -Xmx1536m -Dfile.encoding=windows-1252 -Duser.country=IN -Duser.language=en -Duser.variant 
java_command: org.gradle.launcher.daemon.bootstrap.GradleDaemon 3.3
java_class_path (initial): C:\Users\Saib Ahmed\.gradle\wrapper\dists\gradle-3.3-all\55gk2rcmfc6p2dg9u9ohc3hw9\gradle-3.3\lib\gradle-launcher-3.3.jar
Launcher Type: SUN_STANDARD

Environment Variables:
PATH=C:\Program Files (x86)\Common Files\Oracle\Java\javapath;C:\ProgramData\Oracle\Java\javapath;C:\Program Files (x86)\Intel\iCLS Client\;C:\Program Files\Intel\iCLS Client\;C:\Windows\system32;C:\Windows;C:\Windows\System32\Wbem;C:\Windows\System32\WindowsPowerShell\v1.0\;C:\Program Files (x86)\Intel\Intel(R) Management Engine Components\DAL;C:\Program Files\Intel\Intel(R) Management Engine Components\DAL;C:\Program Files (x86)\Intel\Intel(R) Management Engine Components\IPT;C:\Program Files\Intel\Intel(R) Management Engine Components\IPT;C:\Program Files\Java\jdk1.8.0_131\bin;C:\Program Files\Git\cmd;C:\WINDOWS\system32;C:\WINDOWS;C:\WINDOWS\System32\Wbem;C:\WINDOWS\System32\WindowsPowerShell\v1.0\;C:\Program Files (x86)\NVIDIA Corporation\PhysX\Common;C:\WINDOWS\system32;C:\WINDOWS;C:\WINDOWS\System32\Wbem;C:\WINDOWS\System32\WindowsPowerShell\v1.0\;C:\WINDOWS\System32\OpenSSH\;C:\Program Files\nodejs\;C:\Program Files (x86)\Brackets\command;C:\Program Files\Microsoft VS Code\bin;C:\Users\Saib Ahmed\AppData\Local\Microsoft\WindowsApps;C:\Users\Saib Ahmed\AppData\Roaming\npm;C:\Users\Saib Ahmed\AppData\Local\atom\bin;C:\Users\Saib Ahmed\AppData\Local\GitHubDesktop\bin;C:\Users\Saib Ahmed\AppData\Local\Programs\Microsoft VS Code\bin
USERNAME=Saib Ahmed
OS=Windows_NT
PROCESSOR_IDENTIFIER=Intel64 Family 6 Model 61 Stepping 4, GenuineIntel



---------------  S Y S T E M  ---------------

OS: Windows 10.0 , 64 bit Build 17134 (10.0.17134.1)

CPU:total 4 (initial active 4) (2 cores per cpu, 2 threads per core) family 6 model 61 stepping 4, cmov, cx8, fxsr, mmx, sse, sse2, sse3, ssse3, sse4.1, sse4.2, popcnt, avx, avx2, aes, clmul, erms, 3dnowpref, lzcnt, ht, tsc, tscinvbit, bmi1, bmi2, adx

Memory: 4k page, physical 8297976k(859972k free), swap 9346552k(4068k free)

vm_info: OpenJDK 64-Bit Server VM (25.152-b02) for windows-amd64 JRE (1.8.0_152-release-1024-b02), built by "builder" with MS VC++ 10.0 (VS2010)

time: Wed Aug 29 18:57:50 2018
elapsed time: 2 seconds (0d 0h 0m 2s)

