#
# There is insufficient memory for the Java Runtime Environment to continue.
# Native memory allocation (malloc) failed to allocate 2777936 bytes for Chunk::new
# Possible reasons:
#   The system is out of physical RAM or swap space
#   In 32 bit mode, the process size limit was hit
# Possible solutions:
#   Reduce memory load on the system
#   Increase physical memory or swap space
#   Check if swap backing store is full
#   Use 64 bit Java on a 64 bit OS
#   Decrease Java heap size (-Xmx/-Xms)
#   Decrease number of Java threads
#   Decrease Java thread stack sizes (-Xss)
#   Set larger code cache with -XX:ReservedCodeCacheSize=
# This output file may be truncated or incomplete.
#
#  Out of Memory Error (allocation.cpp:390), pid=8768, tid=0x0000000000002478
#
# JRE version: OpenJDK Runtime Environment (8.0_152-b02) (build 1.8.0_152-release-1024-b02)
# Java VM: OpenJDK 64-Bit Server VM (25.152-b02 mixed mode windows-amd64 compressed oops)
# Failed to write core dump. Minidumps are not enabled by default on client versions of Windows
#

---------------  T H R E A D  ---------------

Current thread (0x0000000016038800):  JavaThread "C2 CompilerThread0" daemon [_thread_in_native, id=9336, stack(0x00000000176a0000,0x00000000177a0000)]

Stack: [0x00000000176a0000,0x00000000177a0000]
[error occurred during error reporting (printing stack bounds), id 0xc0000005]

Native frames: (J=compiled Java code, j=interpreted, Vv=VM code, C=native code)


Current CompileTask:
C2:   3585 1362       4       java.net.URLClassLoader$1::run (5 bytes)


---------------  P R O C E S S  ---------------

Java Threads: ( => current thread )
  0x0000000018cac000 JavaThread "Stdin handler" [_thread_blocked, id=11624, stack(0x000000001b6e0000,0x000000001b7e0000)]
  0x0000000018ca6800 JavaThread "Asynchronous log dispatcher for DefaultDaemonConnection: socket connection from /127.0.0.1:63173 to /127.0.0.1:63174" [_thread_blocked, id=6168, stack(0x000000001b5e0000,0x000000001b6e0000)]
  0x000000001920d000 JavaThread "Daemon worker" [_thread_in_vm, id=240, stack(0x000000001b4e0000,0x000000001b5e0000)]
  0x000000001920a800 JavaThread "pool-1-thread-1" [_thread_blocked, id=592, stack(0x000000001b3e0000,0x000000001b4e0000)]
  0x0000000018dc5800 JavaThread "Cancel handler" [_thread_blocked, id=1696, stack(0x000000001b2e0000,0x000000001b3e0000)]
  0x0000000019155000 JavaThread "Handler for socket connection from /127.0.0.1:63173 to /127.0.0.1:63174" [_thread_in_native, id=8632, stack(0x000000001b1e0000,0x000000001b2e0000)]
  0x0000000019154000 JavaThread "Daemon" [_thread_blocked, id=428, stack(0x000000001b0e0000,0x000000001b1e0000)]
  0x0000000019222800 JavaThread "Incoming local TCP Connector on port 63173" [_thread_in_native, id=7332, stack(0x0000000019ab0000,0x0000000019bb0000)]
  0x000000001607e800 JavaThread "Service Thread" daemon [_thread_blocked, id=11936, stack(0x0000000017da0000,0x0000000017ea0000)]
  0x0000000016048800 JavaThread "C1 CompilerThread2" daemon [_thread_blocked, id=11012, stack(0x00000000178a0000,0x00000000179a0000)]
  0x000000001603d800 JavaThread "C2 CompilerThread1" daemon [_thread_in_native, id=1576, stack(0x00000000177a0000,0x00000000178a0000)]
=>0x0000000016038800 JavaThread "C2 CompilerThread0" daemon [_thread_in_native, id=9336, stack(0x00000000176a0000,0x00000000177a0000)]
  0x0000000016046800 JavaThread "Attach Listener" daemon [_thread_blocked, id=10160, stack(0x00000000175a0000,0x00000000176a0000)]
  0x0000000016045000 JavaThread "Signal Dispatcher" daemon [_thread_blocked, id=2740, stack(0x00000000174a0000,0x00000000175a0000)]
  0x00000000026cc800 JavaThread "Finalizer" daemon [_thread_blocked, id=8608, stack(0x00000000172b0000,0x00000000173b0000)]
  0x00000000026c1800 JavaThread "Reference Handler" daemon [_thread_blocked, id=4568, stack(0x00000000171b0000,0x00000000172b0000)]
  0x00000000003fe000 JavaThread "main" [_thread_blocked, id=7304, stack(0x0000000002420000,0x0000000002520000)]

Other Threads:
  0x0000000016005000 VMThread [stack: 0x00000000170b0000,0x00000000171b0000] [id=6516]
  0x000000001607f000 WatcherThread [stack: 0x0000000017ea0000,0x0000000017fa0000] [id=10364]

VM state:not at safepoint (normal execution)

VM Mutex/Monitor currently owned by a thread: None

Heap:
 PSYoungGen      total 38400K, used 14689K [0x00000000e0000000, 0x00000000e2a80000, 0x0000000100000000)
  eden space 33280K, 28% used [0x00000000e0000000,0x00000000e095dce8,0x00000000e2080000)
  from space 5120K, 99% used [0x00000000e2080000,0x00000000e257aa78,0x00000000e2580000)
  to   space 5120K, 0% used [0x00000000e2580000,0x00000000e2580000,0x00000000e2a80000)
 ParOldGen       total 87552K, used 3830K [0x00000000a0000000, 0x00000000a5580000, 0x00000000e0000000)
  object space 87552K, 4% used [0x00000000a0000000,0x00000000a03bda28,0x00000000a5580000)
 Metaspace       used 19545K, capacity 19906K, committed 20224K, reserved 1069056K
  class space    used 2638K, capacity 2766K, committed 2816K, reserved 1048576K

Card table byte_map: [0x0000000011a90000,0x0000000011da0000] byte_map_base: 0x0000000011590000

Marking Bits: (ParMarkBitMap*) 0x000000005b134970
 Begin Bits: [0x00000000123a0000, 0x0000000013ba0000)
 End Bits:   [0x0000000013ba0000, 0x00000000153a0000)

Polling page: 0x0000000002520000

CodeCache: size=245760Kb used=5430Kb max_used=5430Kb free=240329Kb
 bounds [0x00000000026d0000, 0x0000000002c20000, 0x00000000116d0000]
 total_blobs=1999 nmethods=1598 adapters=314
 compilation: enabled

Compilation events (10 events):
Event: 3.564 Thread 0x0000000016048800 1604       3       java.lang.Class::getGenericInfo (52 bytes)
Event: 3.565 Thread 0x0000000016048800 nmethod 1604 0x0000000002c19890 code [0x0000000002c19ac0, 0x0000000002c1a788]
Event: 3.565 Thread 0x0000000016048800 1605       3       java.util.TreeMap$Values::size (8 bytes)
Event: 3.565 Thread 0x0000000016048800 nmethod 1605 0x0000000002c1b2d0 code [0x0000000002c1b420, 0x0000000002c1b5b0]
Event: 3.565 Thread 0x0000000016048800 1606       1       java.lang.Class$MethodArray::getArray (5 bytes)
Event: 3.565 Thread 0x0000000016048800 nmethod 1606 0x0000000002c1b650 code [0x0000000002c1b7a0, 0x0000000002c1b8b0]
Event: 3.566 Thread 0x0000000016048800 1607       3       sun.reflect.misc.ReflectUtil::isNonPublicProxyClass (51 bytes)
Event: 3.566 Thread 0x0000000016048800 nmethod 1607 0x0000000002c1b910 code [0x0000000002c1bb40, 0x0000000002c1c7a8]
Event: 3.567 Thread 0x0000000016048800 1608       3       com.sun.beans.TypeResolver::erase (167 bytes)
Event: 3.568 Thread 0x0000000016048800 nmethod 1608 0x0000000002c1cd10 code [0x0000000002c1d040, 0x0000000002c1ed28]

GC Heap History (6 events):
Event: 1.113 GC heap before
{Heap before GC invocations=1 (full 0):
 PSYoungGen      total 38400K, used 33280K [0x00000000e0000000, 0x00000000e2a80000, 0x0000000100000000)
  eden space 33280K, 100% used [0x00000000e0000000,0x00000000e2080000,0x00000000e2080000)
  from space 5120K, 0% used [0x00000000e2580000,0x00000000e2580000,0x00000000e2a80000)
  to   space 5120K, 0% used [0x00000000e2080000,0x00000000e2080000,0x00000000e2580000)
 ParOldGen       total 87552K, used 0K [0x00000000a0000000, 0x00000000a5580000, 0x00000000e0000000)
  object space 87552K, 0% used [0x00000000a0000000,0x00000000a0000000,0x00000000a5580000)
 Metaspace       used 6939K, capacity 7080K, committed 7296K, reserved 1056768K
  class space    used 848K, capacity 888K, committed 896K, reserved 1048576K
Event: 1.117 GC heap after
Heap after GC invocations=1 (full 0):
 PSYoungGen      total 38400K, used 4233K [0x00000000e0000000, 0x00000000e2a80000, 0x0000000100000000)
  eden space 33280K, 0% used [0x00000000e0000000,0x00000000e0000000,0x00000000e2080000)
  from space 5120K, 82% used [0x00000000e2080000,0x00000000e24a26a0,0x00000000e2580000)
  to   space 5120K, 0% used [0x00000000e2580000,0x00000000e2580000,0x00000000e2a80000)
 ParOldGen       total 87552K, used 8K [0x00000000a0000000, 0x00000000a5580000, 0x00000000e0000000)
  object space 87552K, 0% used [0x00000000a0000000,0x00000000a0002000,0x00000000a5580000)
 Metaspace       used 6939K, capacity 7080K, committed 7296K, reserved 1056768K
  class space    used 848K, capacity 888K, committed 896K, reserved 1048576K
}
Event: 2.529 GC heap before
{Heap before GC invocations=2 (full 0):
 PSYoungGen      total 38400K, used 37513K [0x00000000e0000000, 0x00000000e2a80000, 0x0000000100000000)
  eden space 33280K, 100% used [0x00000000e0000000,0x00000000e2080000,0x00000000e2080000)
  from space 5120K, 82% used [0x00000000e2080000,0x00000000e24a26a0,0x00000000e2580000)
  to   space 5120K, 0% used [0x00000000e2580000,0x00000000e2580000,0x00000000e2a80000)
 ParOldGen       total 87552K, used 8K [0x00000000a0000000, 0x00000000a5580000, 0x00000000e0000000)
  object space 87552K, 0% used [0x00000000a0000000,0x00000000a0002000,0x00000000a5580000)
 Metaspace       used 13052K, capacity 13354K, committed 13440K, reserved 1060864K
  class space    used 1737K, capacity 1866K, committed 1920K, reserved 1048576K
Event: 2.536 GC heap after
Heap after GC invocations=2 (full 0):
 PSYoungGen      total 38400K, used 5098K [0x00000000e0000000, 0x00000000e2a80000, 0x0000000100000000)
  eden space 33280K, 0% used [0x00000000e0000000,0x00000000e0000000,0x00000000e2080000)
  from space 5120K, 99% used [0x00000000e2580000,0x00000000e2a7abd8,0x00000000e2a80000)
  to   space 5120K, 0% used [0x00000000e2080000,0x00000000e2080000,0x00000000e2580000)
 ParOldGen       total 87552K, used 771K [0x00000000a0000000, 0x00000000a5580000, 0x00000000e0000000)
  object space 87552K, 0% used [0x00000000a0000000,0x00000000a00c0f00,0x00000000a5580000)
 Metaspace       used 13052K, capacity 13354K, committed 13440K, reserved 1060864K
  class space    used 1737K, capacity 1866K, committed 1920K, reserved 1048576K
}
Event: 3.219 GC heap before
{Heap before GC invocations=3 (full 0):
 PSYoungGen      total 38400K, used 38378K [0x00000000e0000000, 0x00000000e2a80000, 0x0000000100000000)
  eden space 33280K, 100% used [0x00000000e0000000,0x00000000e2080000,0x00000000e2080000)
  from space 5120K, 99% used [0x00000000e2580000,0x00000000e2a7abd8,0x00000000e2a80000)
  to   space 5120K, 0% used [0x00000000e2080000,0x00000000e2080000,0x00000000e2580000)
 ParOldGen       total 87552K, used 771K [0x00000000a0000000, 0x00000000a5580000, 0x00000000e0000000)
  object space 87552K, 0% used [0x00000000a0000000,0x00000000a00c0f00,0x00000000a5580000)
 Metaspace       used 16675K, capacity 16994K, committed 17280K, reserved 1064960K
  class space    used 2309K, capacity 2414K, committed 2432K, reserved 1048576K
Event: 3.233 GC heap after
Heap after GC invocations=3 (full 0):
 PSYoungGen      total 38400K, used 5098K [0x00000000e0000000, 0x00000000e2a80000, 0x0000000100000000)
  eden space 33280K, 0% used [0x00000000e0000000,0x00000000e0000000,0x00000000e2080000)
  from space 5120K, 99% used [0x00000000e2080000,0x00000000e257aa78,0x00000000e2580000)
  to   space 5120K, 0% used [0x00000000e2580000,0x00000000e2580000,0x00000000e2a80000)
 ParOldGen       total 87552K, used 3830K [0x00000000a0000000, 0x00000000a5580000, 0x00000000e0000000)
  object space 87552K, 4% used [0x00000000a0000000,0x00000000a03bda28,0x00000000a5580000)
 Metaspace       used 16675K, capacity 16994K, committed 17280K, reserved 1064960K
  class space    used 2309K, capacity 2414K, committed 2432K, reserved 1048576K
}

Deoptimization events (10 events):
Event: 1.727 Thread 0x00000000003fe000 Uncommon trap: reason=unstable_if action=reinterpret pc=0x0000000002939250 method=java.util.HashMap.getNode(ILjava/lang/Object;)Ljava/util/HashMap$Node; @ 129
Event: 1.727 Thread 0x00000000003fe000 Uncommon trap: reason=bimorphic action=maybe_recompile pc=0x0000000002963a88 method=java.util.HashMap.putVal(ILjava/lang/Object;Ljava/lang/Object;ZZ)Ljava/lang/Object; @ 203
Event: 1.727 Thread 0x00000000003fe000 Uncommon trap: reason=unstable_if action=reinterpret pc=0x000000000293993c method=java.util.HashMap.getNode(ILjava/lang/Object;)Ljava/util/HashMap$Node; @ 129
Event: 1.727 Thread 0x00000000003fe000 Uncommon trap: reason=bimorphic action=maybe_recompile pc=0x0000000002963a88 method=java.util.HashMap.putVal(ILjava/lang/Object;Ljava/lang/Object;ZZ)Ljava/lang/Object; @ 203
Event: 2.337 Thread 0x00000000003fe000 Uncommon trap: reason=unstable_if action=reinterpret pc=0x000000000292668c method=java.lang.String$CaseInsensitiveComparator.compare(Ljava/lang/String;Ljava/lang/String;)I @ 26
Event: 2.425 Thread 0x00000000003fe000 Uncommon trap: reason=unstable_if action=reinterpret pc=0x0000000002944e58 method=sun.misc.MetaIndex.mayContain(Ljava/lang/String;)Z @ 38
Event: 2.460 Thread 0x000000001920d000 Uncommon trap: reason=bimorphic action=maybe_recompile pc=0x0000000002a2a980 method=java.util.HashMap.putVal(ILjava/lang/Object;Ljava/lang/Object;ZZ)Ljava/lang/Object; @ 253
Event: 2.460 Thread 0x000000001920d000 Uncommon trap: reason=bimorphic action=maybe_recompile pc=0x0000000002a2a980 method=java.util.HashMap.putVal(ILjava/lang/Object;Ljava/lang/Object;ZZ)Ljava/lang/Object; @ 253
Event: 2.753 Thread 0x000000001920d000 Uncommon trap: reason=class_check action=maybe_recompile pc=0x000000000295775c method=java.util.regex.Matcher.match(II)Z @ 86
Event: 2.758 Thread 0x000000001920d000 Uncommon trap: reason=class_check action=maybe_recompile pc=0x000000000295775c method=java.util.regex.Matcher.match(II)Z @ 86

Classes redefined (0 events):
No events

Internal exceptions (10 events):
Event: 3.537 Thread 0x000000001920d000 Exception <a 'java/lang/ClassNotFoundException': groovy/lang/ExpandoMetaClassBeanInfo> (0x00000000e07b5b88) thrown at [D:\src\AOSP-openjdk-cygwin\jdk8u\hotspot\src\share\vm\classfile\systemDictionary.cpp, line 210]
Event: 3.537 Thread 0x000000001920d000 Exception <a 'java/lang/ClassNotFoundException': groovy/lang/MetaClassImplBeanInfo> (0x00000000e07c20e0) thrown at [D:\src\AOSP-openjdk-cygwin\jdk8u\hotspot\src\share\vm\classfile\systemDictionary.cpp, line 210]
Event: 3.538 Thread 0x000000001920d000 Exception <a 'java/lang/ClassNotFoundException': java/lang/ObjectBeanInfo> (0x00000000e07c7ab8) thrown at [D:\src\AOSP-openjdk-cygwin\jdk8u\hotspot\src\share\vm\classfile\systemDictionary.cpp, line 210]
Event: 3.538 Thread 0x000000001920d000 Exception <a 'java/lang/ClassNotFoundException': java/lang/ObjectCustomizer> (0x00000000e07cd5d8) thrown at [D:\src\AOSP-openjdk-cygwin\jdk8u\hotspot\src\share\vm\classfile\systemDictionary.cpp, line 210]
Event: 3.545 Thread 0x000000001920d000 Exception <a 'java/lang/ClassNotFoundException': groovy/lang/MetaClassImplCustomizer> (0x00000000e07e1950) thrown at [D:\src\AOSP-openjdk-cygwin\jdk8u\hotspot\src\share\vm\classfile\systemDictionary.cpp, line 210]
Event: 3.548 Thread 0x000000001920d000 Exception <a 'java/lang/ClassNotFoundException': groovy/lang/ExpandoMetaClassCustomizer> (0x00000000e0816268) thrown at [D:\src\AOSP-openjdk-cygwin\jdk8u\hotspot\src\share\vm\classfile\systemDictionary.cpp, line 210]
Event: 3.563 Thread 0x000000001920d000 Exception <a 'java/lang/ClassNotFoundException': org/gradle/api/internal/plugins/DefaultExtraPropertiesExtensionBeanInfo> (0x00000000e089d208) thrown at [D:\src\AOSP-openjdk-cygwin\jdk8u\hotspot\src\share\vm\classfile\systemDictionary.cpp, line 210]
Event: 3.563 Thread 0x000000001920d000 Exception <a 'java/lang/ClassNotFoundException': groovy/lang/GroovyObjectSupportBeanInfo> (0x00000000e08aad08) thrown at [D:\src\AOSP-openjdk-cygwin\jdk8u\hotspot\src\share\vm\classfile\systemDictionary.cpp, line 210]
Event: 3.564 Thread 0x000000001920d000 Exception <a 'java/lang/ClassNotFoundException': groovy/lang/GroovyObjectSupportCustomizer> (0x00000000e08b8ba8) thrown at [D:\src\AOSP-openjdk-cygwin\jdk8u\hotspot\src\share\vm\classfile\systemDictionary.cpp, line 210]
Event: 3.564 Thread 0x000000001920d000 Exception <a 'java/lang/ClassNotFoundException': org/gradle/api/internal/plugins/DefaultExtraPropertiesExtensionCustomizer> (0x00000000e08d1d38) thrown at [D:\src\AOSP-openjdk-cygwin\jdk8u\hotspot\src\share\vm\classfile\systemDictionary.cpp, line 210]

Events (10 events):
Event: 3.578 loading class org/gradle/api/internal/artifacts/ArtifactPublicationServices
Event: 3.578 loading class org/gradle/api/internal/artifacts/ArtifactPublicationServices done
Event: 3.579 loading class org/gradle/api/internal/artifacts/query/ArtifactResolutionQueryFactory
Event: 3.579 loading class org/gradle/api/internal/artifacts/query/ArtifactResolutionQueryFactory done
Event: 3.579 loading class org/gradle/api/artifacts/dsl/RepositoryHandler
Event: 3.579 loading class org/gradle/api/artifacts/dsl/RepositoryHandler done
Event: 3.580 loading class org/gradle/api/artifacts/ArtifactRepositoryContainer
Event: 3.580 loading class org/gradle/api/artifacts/ArtifactRepositoryContainer done
Event: 3.580 loading class org/gradle/api/NamedDomainObjectList
Event: 3.580 loading class org/gradle/api/NamedDomainObjectList done


Dynamic libraries:
0x00007ff64d000000 - 0x00007ff64d031000 	C:\Program Files\Android\Android Studio\jre\bin\java.exe
0x00007ffcbeb10000 - 0x00007ffcbecf1000 	C:\WINDOWS\SYSTEM32\ntdll.dll
0x00007ffcbd2a0000 - 0x00007ffcbd352000 	C:\WINDOWS\System32\KERNEL32.DLL
0x00007ffcbb830000 - 0x00007ffcbbaa3000 	C:\WINDOWS\System32\KERNELBASE.dll
0x00007ffcb9180000 - 0x00007ffcb920b000 	C:\WINDOWS\SYSTEM32\apphelp.dll
0x00007ffcbd360000 - 0x00007ffcbd401000 	C:\WINDOWS\System32\ADVAPI32.dll
0x00007ffcbc2b0000 - 0x00007ffcbc34e000 	C:\WINDOWS\System32\msvcrt.dll
0x00007ffcbd070000 - 0x00007ffcbd0cb000 	C:\WINDOWS\System32\sechost.dll
0x00007ffcbd430000 - 0x00007ffcbd554000 	C:\WINDOWS\System32\RPCRT4.dll
0x00007ffcbc350000 - 0x00007ffcbc4e0000 	C:\WINDOWS\System32\USER32.dll
0x00007ffcbaee0000 - 0x00007ffcbaf00000 	C:\WINDOWS\System32\win32u.dll
0x00007ffcbcea0000 - 0x00007ffcbcec8000 	C:\WINDOWS\System32\GDI32.dll
0x00007ffcbbd00000 - 0x00007ffcbbe92000 	C:\WINDOWS\System32\gdi32full.dll
0x00007ffcbb790000 - 0x00007ffcbb82f000 	C:\WINDOWS\System32\msvcp_win.dll
0x00007ffcbbea0000 - 0x00007ffcbbf9a000 	C:\WINDOWS\System32\ucrtbase.dll
0x00007ffcae280000 - 0x00007ffcae4e9000 	C:\WINDOWS\WinSxS\amd64_microsoft.windows.common-controls_6595b64144ccf1df_6.0.17134.228_none_fb4599993062b194\COMCTL32.dll
0x00007ffcbc930000 - 0x00007ffcbcc53000 	C:\WINDOWS\System32\combase.dll
0x00007ffcbb710000 - 0x00007ffcbb78a000 	C:\WINDOWS\System32\bcryptPrimitives.dll
0x00007ffcbbfa0000 - 0x00007ffcbbfcd000 	C:\WINDOWS\System32\IMM32.DLL
0x0000000058120000 - 0x00000000581f2000 	C:\Program Files\Android\Android Studio\jre\jre\bin\msvcr100.dll
0x000000005a970000 - 0x000000005b1af000 	C:\Program Files\Android\Android Studio\jre\jre\bin\server\jvm.dll
0x00007ffcbead0000 - 0x00007ffcbead8000 	C:\WINDOWS\System32\PSAPI.DLL
0x00007ffcb6de0000 - 0x00007ffcb6de9000 	C:\WINDOWS\SYSTEM32\WSOCK32.dll
0x00007ffcb58f0000 - 0x00007ffcb5913000 	C:\WINDOWS\SYSTEM32\WINMM.dll
0x00007ffcb5ca0000 - 0x00007ffcb5caa000 	C:\WINDOWS\SYSTEM32\VERSION.dll
0x00007ffcb58c0000 - 0x00007ffcb58ea000 	C:\WINDOWS\SYSTEM32\winmmbase.dll
0x00007ffcbaf00000 - 0x00007ffcbaf49000 	C:\WINDOWS\System32\cfgmgr32.dll
0x00007ffcbe9b0000 - 0x00007ffcbea1c000 	C:\WINDOWS\System32\WS2_32.dll
0x00007ffcb6dd0000 - 0x00007ffcb6ddf000 	C:\Program Files\Android\Android Studio\jre\jre\bin\verify.dll
0x00007ffcb5e60000 - 0x00007ffcb5e89000 	C:\Program Files\Android\Android Studio\jre\jre\bin\java.dll
0x00007ffcb5fa0000 - 0x00007ffcb5fb6000 	C:\Program Files\Android\Android Studio\jre\jre\bin\zip.dll
0x00007ffcbd570000 - 0x00007ffcbe9b0000 	C:\WINDOWS\System32\SHELL32.dll
0x00007ffcbea20000 - 0x00007ffcbeac9000 	C:\WINDOWS\System32\shcore.dll
0x00007ffcbaf50000 - 0x00007ffcbb65d000 	C:\WINDOWS\System32\windows.storage.dll
0x00007ffcbcd10000 - 0x00007ffcbcd61000 	C:\WINDOWS\System32\shlwapi.dll
0x00007ffcbaea0000 - 0x00007ffcbaeb1000 	C:\WINDOWS\System32\kernel.appcore.dll
0x00007ffcbae80000 - 0x00007ffcbae9f000 	C:\WINDOWS\System32\profapi.dll
0x00007ffcbae20000 - 0x00007ffcbae6c000 	C:\WINDOWS\System32\powrprof.dll
0x00007ffcbae70000 - 0x00007ffcbae7a000 	C:\WINDOWS\System32\FLTLIB.DLL
0x00007ffcb5ea0000 - 0x00007ffcb5eba000 	C:\Program Files\Android\Android Studio\jre\jre\bin\net.dll
0x00007ffcba6a0000 - 0x00007ffcba706000 	C:\WINDOWS\system32\mswsock.dll
0x00007ffcb5e40000 - 0x00007ffcb5e51000 	C:\Program Files\Android\Android Studio\jre\jre\bin\nio.dll
0x00007ffcb6420000 - 0x00007ffcb643e000 	C:\Users\Saib Ahmed\.gradle\native\23\windows-amd64\native-platform.dll
0x00007ffcba850000 - 0x00007ffcba867000 	C:\WINDOWS\SYSTEM32\CRYPTSP.dll
0x00007ffcba280000 - 0x00007ffcba2b3000 	C:\WINDOWS\system32\rsaenh.dll
0x00007ffcba980000 - 0x00007ffcba9a5000 	C:\WINDOWS\SYSTEM32\bcrypt.dll
0x00007ffcbad20000 - 0x00007ffcbad48000 	C:\WINDOWS\SYSTEM32\USERENV.dll
0x00007ffcba870000 - 0x00007ffcba87b000 	C:\WINDOWS\SYSTEM32\CRYPTBASE.dll
0x00007ffcba420000 - 0x00007ffcba458000 	C:\WINDOWS\SYSTEM32\IPHLPAPI.DLL
0x00007ffcbcc60000 - 0x00007ffcbcc68000 	C:\WINDOWS\System32\NSI.dll
0x00007ffcb4650000 - 0x00007ffcb4666000 	C:\WINDOWS\SYSTEM32\dhcpcsvc6.DLL
0x00007ffcb5070000 - 0x00007ffcb508a000 	C:\WINDOWS\SYSTEM32\dhcpcsvc.DLL
0x00007ffcb62f0000 - 0x00007ffcb62fd000 	C:\Program Files\Android\Android Studio\jre\jre\bin\management.dll

VM Arguments:
jvm_args: -Xmx1536m -Dfile.encoding=windows-1252 -Duser.country=IN -Duser.language=en -Duser.variant 
java_command: org.gradle.launcher.daemon.bootstrap.GradleDaemon 3.3
java_class_path (initial): C:\Users\Saib Ahmed\.gradle\wrapper\dists\gradle-3.3-all\55gk2rcmfc6p2dg9u9ohc3hw9\gradle-3.3\lib\gradle-launcher-3.3.jar
Launcher Type: SUN_STANDARD

Environment Variables:
PATH=C:\Program Files (x86)\Common Files\Oracle\Java\javapath;C:\ProgramData\Oracle\Java\javapath;C:\Program Files (x86)\Intel\iCLS Client\;C:\Program Files\Intel\iCLS Client\;C:\Windows\system32;C:\Windows;C:\Windows\System32\Wbem;C:\Windows\System32\WindowsPowerShell\v1.0\;C:\Program Files (x86)\Intel\Intel(R) Management Engine Components\DAL;C:\Program Files\Intel\Intel(R) Management Engine Components\DAL;C:\Program Files (x86)\Intel\Intel(R) Management Engine Components\IPT;C:\Program Files\Intel\Intel(R) Management Engine Components\IPT;C:\Program Files\Java\jdk1.8.0_131\bin;C:\Program Files\Git\cmd;C:\WINDOWS\system32;C:\WINDOWS;C:\WINDOWS\System32\Wbem;C:\WINDOWS\System32\WindowsPowerShell\v1.0\;C:\Program Files (x86)\NVIDIA Corporation\PhysX\Common;C:\WINDOWS\system32;C:\WINDOWS;C:\WINDOWS\System32\Wbem;C:\WINDOWS\System32\WindowsPowerShell\v1.0\;C:\WINDOWS\System32\OpenSSH\;C:\Program Files\nodejs\;C:\Program Files (x86)\Brackets\command;C:\Program Files\Microsoft VS Code\bin;C:\Users\Saib Ahmed\AppData\Local\Microsoft\WindowsApps;C:\Users\Saib Ahmed\AppData\Roaming\npm;C:\Users\Saib Ahmed\AppData\Local\atom\bin;C:\Users\Saib Ahmed\AppData\Local\GitHubDesktop\bin;C:\Users\Saib Ahmed\AppData\Local\Programs\Microsoft VS Code\bin
USERNAME=Saib Ahmed
OS=Windows_NT
PROCESSOR_IDENTIFIER=Intel64 Family 6 Model 61 Stepping 4, GenuineIntel



---------------  S Y S T E M  ---------------

OS: Windows 10.0 , 64 bit Build 17134 (10.0.17134.1)

CPU:total 4 (initial active 4) (2 cores per cpu, 2 threads per core) family 6 model 61 stepping 4, cmov, cx8, fxsr, mmx, sse, sse2, sse3, ssse3, sse4.1, sse4.2, popcnt, avx, avx2, aes, clmul, erms, 3dnowpref, lzcnt, ht, tsc, tscinvbit, bmi1, bmi2, adx

Memory: 4k page, physical 8297976k(818212k free), swap 9346552k(4932k free)

vm_info: OpenJDK 64-Bit Server VM (25.152-b02) for windows-amd64 JRE (1.8.0_152-release-1024-b02), built by "builder" with MS VC++ 10.0 (VS2010)

time: Wed Aug 29 18:56:40 2018
elapsed time: 3 seconds (0d 0h 0m 3s)

